"../../../Engine/Content/EngineMaterials/T_Default_Material_Grid_N.uasset" 0
"../../../Engine/Content/EngineMaterials/T_Default_Material_Grid_N.uexp" 1
"../../../Engine/Content/EngineMaterials/T_Default_Material_Grid_N.ubulk" 2
"../../../Engine/Content/EngineMaterials/T_Default_Material_Grid_M.uasset" 3
"../../../Engine/Content/EngineMaterials/T_Default_Material_Grid_M.uexp" 4
"../../../Engine/Content/EngineMaterials/T_Default_Material_Grid_M.ubulk" 5
"../../../Engine/Content/Functions/Engine_MaterialFunctions01/Opacity/CameraDepthFade.uasset" 6
"../../../Engine/Content/Functions/Engine_MaterialFunctions01/Opacity/CameraDepthFade.uexp" 7
"../../../Engine/Content/EngineMaterials/WorldGridMaterial.uasset" 8
"../../../Engine/Content/EngineMaterials/WorldGridMaterial.uexp" 9
"../../../Engine/Content/ArtTools/RenderToTexture/Meshes/S_1_Unit_Plane.uasset" 10
"../../../Engine/Content/ArtTools/RenderToTexture/Meshes/S_1_Unit_Plane.uexp" 11
"../../../Engine/Content/EngineMaterials/DefaultMaterial.uasset" 12
"../../../Engine/Content/EngineMaterials/DefaultMaterial.uexp" 13
"../../../Engine/Content/BasicShapes/Cone.uasset" 14
"../../../Engine/Content/BasicShapes/Cone.uexp" 15
"../../../Engine/Content/BasicShapes/Plane.uasset" 16
"../../../Engine/Content/BasicShapes/Plane.uexp" 17
"../../../Engine/Content/EditorLandscapeResources/DataLayer.uasset" 18
"../../../Engine/Content/EditorLandscapeResources/DataLayer.uexp" 19
"../../../Engine/Content/EditorLandscapeResources/DefaultAlphaTexture.uasset" 20
"../../../Engine/Content/EditorLandscapeResources/DefaultAlphaTexture.uexp" 21
"../../../Engine/Content/EditorMaterials/MAT_Groups_Toggle.uasset" 22
"../../../Engine/Content/EditorMaterials/MAT_Groups_Toggle.uexp" 23
"../../../Engine/Content/EditorMaterials/MAT_Groups_Visibility.uasset" 24
"../../../Engine/Content/EditorMaterials/MAT_Groups_Visibility.uexp" 25
"../../../Engine/Content/EditorMaterials/PreviewShadowIndicator.uasset" 26
"../../../Engine/Content/EditorMaterials/PreviewShadowIndicator.uexp" 27
"../../../Engine/Content/EditorMaterials/PreviewShadowIndicator.ubulk" 28
"../../../Engine/Content/EditorMaterials/PreviewShadowIndicatorMaterial.uasset" 29
"../../../Engine/Content/EditorMaterials/PreviewShadowIndicatorMaterial.uexp" 30
"../../../Engine/Content/EditorMaterials/MatineeGroups/MAT_ColorTrack.uasset" 31
"../../../Engine/Content/EditorMaterials/MatineeGroups/MAT_ColorTrack.uexp" 32
"../../../Engine/Content/EditorMaterials/MatineeGroups/MAT_Groups_Anim.uasset" 33
"../../../Engine/Content/EditorMaterials/MatineeGroups/MAT_Groups_Anim.uexp" 34
"../../../Engine/Content/EditorMaterials/MatineeGroups/MAT_Groups_AudioMaster.uasset" 35
"../../../Engine/Content/EditorMaterials/MatineeGroups/MAT_Groups_AudioMaster.uexp" 36
"../../../Engine/Content/EditorMaterials/MatineeGroups/MAT_Groups_Director.uasset" 37
"../../../Engine/Content/EditorMaterials/MatineeGroups/MAT_Groups_Director.uexp" 38
"../../../Engine/Content/EditorMaterials/MatineeGroups/MAT_Groups_Event.uasset" 39
"../../../Engine/Content/EditorMaterials/MatineeGroups/MAT_Groups_Event.uexp" 40
"../../../Engine/Content/EditorMaterials/MatineeGroups/MAT_Groups_Fade.uasset" 41
"../../../Engine/Content/EditorMaterials/MatineeGroups/MAT_Groups_Fade.uexp" 42
"../../../Engine/Content/EditorMaterials/MatineeGroups/MAT_Groups_Float.uasset" 43
"../../../Engine/Content/EditorMaterials/MatineeGroups/MAT_Groups_Float.uexp" 44
"../../../Engine/Content/EditorMaterials/MatineeGroups/MAT_Groups_Move.uasset" 45
"../../../Engine/Content/EditorMaterials/MatineeGroups/MAT_Groups_Move.uexp" 46
"../../../Engine/Content/EditorMaterials/MatineeGroups/MAT_Groups_Slomo.uasset" 47
"../../../Engine/Content/EditorMaterials/MatineeGroups/MAT_Groups_Slomo.uexp" 48
"../../../Engine/Content/EditorMaterials/MatineeGroups/MAT_Groups_Sound.uasset" 49
"../../../Engine/Content/EditorMaterials/MatineeGroups/MAT_Groups_Sound.uexp" 50
"../../../Engine/Content/EditorMaterials/MatineeGroups/MAT_Groups_Vector.uasset" 51
"../../../Engine/Content/EditorMaterials/MatineeGroups/MAT_Groups_Vector.uexp" 52
"../../../Engine/Content/EditorMaterials/ParticleSystems/PSysThumbnail_NoImage.uasset" 53
"../../../Engine/Content/EditorMaterials/ParticleSystems/PSysThumbnail_NoImage.uexp" 54
"../../../Engine/Content/EditorMaterials/ParticleSystems/PSysThumbnail_NoImage.ubulk" 55
"../../../Engine/Content/EditorMaterials/ParticleSystems/PSysThumbnail_OOD.uasset" 56
"../../../Engine/Content/EditorMaterials/ParticleSystems/PSysThumbnail_OOD.uexp" 57
"../../../Engine/Content/EditorMaterials/ParticleSystems/PSysThumbnail_OOD.ubulk" 58
"../../../Engine/Content/EditorMaterials/Camera/CineMat.uasset" 59
"../../../Engine/Content/EditorMaterials/Camera/CineMat.uexp" 60
"../../../Engine/Content/EditorMaterials/Camera/MI_CineMat_Rig.uasset" 61
"../../../Engine/Content/EditorMaterials/Camera/MI_CineMat_Rig.uexp" 62
"../../../Engine/Content/EditorMeshes/Camera/SM_CraneRig_Arm.uasset" 63
"../../../Engine/Content/EditorMeshes/Camera/SM_CraneRig_Arm.uexp" 64
"../../../Engine/Content/EditorMeshes/Camera/SM_CraneRig_Base.uasset" 65
"../../../Engine/Content/EditorMeshes/Camera/SM_CraneRig_Base.uexp" 66
"../../../Engine/Content/EditorMeshes/Camera/SM_CraneRig_Body.uasset" 67
"../../../Engine/Content/EditorMeshes/Camera/SM_CraneRig_Body.uexp" 68
"../../../Engine/Content/EditorMeshes/Camera/SM_CraneRig_Mount.uasset" 69
"../../../Engine/Content/EditorMeshes/Camera/SM_CraneRig_Mount.uexp" 70
"../../../Engine/Content/EditorMeshes/Camera/SM_RailRig_Mount.uasset" 71
"../../../Engine/Content/EditorMeshes/Camera/SM_RailRig_Mount.uexp" 72
"../../../Engine/Content/EditorMeshes/Camera/SM_RailRig_Track.uasset" 73
"../../../Engine/Content/EditorMeshes/Camera/SM_RailRig_Track.uexp" 74
"../../../Engine/Content/EditorResources/BSPVertex.uasset" 75
"../../../Engine/Content/EditorResources/BSPVertex.uexp" 76
"../../../Engine/Content/EditorResources/EmptyActor.uasset" 77
"../../../Engine/Content/EditorResources/EmptyActor.uexp" 78
"../../../Engine/Content/EditorResources/S_Actor.uasset" 79
"../../../Engine/Content/EditorResources/S_Actor.uexp" 80
"../../../Engine/Content/EditorResources/S_Actor.ubulk" 81
"../../../Engine/Content/EditorResources/S_Note.uasset" 82
"../../../Engine/Content/EditorResources/S_Note.uexp" 83
"../../../Engine/Content/EditorResources/S_Note.ubulk" 84
"../../../Engine/Content/EditorResources/S_Solver.uasset" 85
"../../../Engine/Content/EditorResources/S_Solver.uexp" 86
"../../../Engine/Content/EditorResources/S_Solver.ubulk" 87
"../../../Engine/Content/EditorResources/S_Terrain.uasset" 88
"../../../Engine/Content/EditorResources/S_Terrain.uexp" 89
"../../../Engine/Content/EditorResources/S_Terrain.ubulk" 90
"../../../Engine/Content/EditorResources/S_Trigger.uasset" 91
"../../../Engine/Content/EditorResources/S_Trigger.uexp" 92
"../../../Engine/Content/EditorResources/S_Trigger.ubulk" 93
"../../../Engine/Content/EditorResources/LightIcons/S_LightError.uasset" 94
"../../../Engine/Content/EditorResources/LightIcons/S_LightError.uexp" 95
"../../../Engine/Content/EditorResources/SequenceRecorder/Countdown.uasset" 96
"../../../Engine/Content/EditorResources/SequenceRecorder/Countdown.uexp" 97
"../../../Engine/Content/EditorResources/SequenceRecorder/RecordingIndicator.uasset" 98
"../../../Engine/Content/EditorResources/SequenceRecorder/RecordingIndicator.uexp" 99
"../../../Engine/Content/EngineDebugMaterials/DebugEditorMaterial.uasset" 100
"../../../Engine/Content/EngineDebugMaterials/DebugEditorMaterial.uexp" 101
"../../../Engine/Content/EngineDebugMaterials/DebugMeshMaterial.uasset" 102
"../../../Engine/Content/EngineDebugMaterials/DebugMeshMaterial.uexp" 103
"../../../Engine/Content/EngineDebugMaterials/M_SimpleUnlitTranslucent.uasset" 104
"../../../Engine/Content/EngineDebugMaterials/M_SimpleUnlitTranslucent.uexp" 105
"../../../Engine/Content/EngineDebugMaterials/VolumeToRender.uasset" 106
"../../../Engine/Content/EngineDebugMaterials/VolumeToRender.uexp" 107
"../../../Engine/Content/Functions/Engine_MaterialFunctions02/Utility/CameraDirectionVector.uasset" 108
"../../../Engine/Content/Functions/Engine_MaterialFunctions02/Utility/CameraDirectionVector.uexp" 109
"../../../Engine/Content/EngineDebugMaterials/M_VolumeRenderSphereTracePP.uasset" 110
"../../../Engine/Content/EngineDebugMaterials/M_VolumeRenderSphereTracePP.uexp" 111
"../../../Engine/Content/Functions/Engine_MaterialFunctions01/Shading/ConvertFromDiffSpec.uasset" 112
"../../../Engine/Content/Functions/Engine_MaterialFunctions01/Shading/ConvertFromDiffSpec.uexp" 113
"../../../Engine/Content/EngineDebugMaterials/VertexColorMaterial.uasset" 114
"../../../Engine/Content/EngineDebugMaterials/VertexColorMaterial.uexp" 115
"../../../Engine/Content/EngineDebugMaterials/WireframeMaterial.uasset" 116
"../../../Engine/Content/EngineDebugMaterials/WireframeMaterial.uexp" 117
"../../../Engine/Content/EngineFonts/Faces/RobotoRegular.uasset" 118
"../../../Engine/Content/EngineFonts/Faces/RobotoRegular.uexp" 119
"../../../Engine/Content/EngineFonts/Faces/RobotoRegular.ufont" 120
"../../../Engine/Content/EngineFonts/Faces/RobotoLight.uasset" 121
"../../../Engine/Content/EngineFonts/Faces/RobotoLight.uexp" 122
"../../../Engine/Content/EngineFonts/Faces/RobotoLight.ufont" 123
"../../../Engine/Content/EngineFonts/Faces/RobotoItalic.uasset" 124
"../../../Engine/Content/EngineFonts/Faces/RobotoItalic.uexp" 125
"../../../Engine/Content/EngineFonts/Faces/RobotoItalic.ufont" 126
"../../../Engine/Content/EngineFonts/Faces/RobotoBoldItalic.uasset" 127
"../../../Engine/Content/EngineFonts/Faces/RobotoBoldItalic.uexp" 128
"../../../Engine/Content/EngineFonts/Faces/RobotoBoldItalic.ufont" 129
"../../../Engine/Content/EngineFonts/Faces/RobotoBold.uasset" 130
"../../../Engine/Content/EngineFonts/Faces/RobotoBold.uexp" 131
"../../../Engine/Content/EngineFonts/Faces/RobotoBold.ufont" 132
"../../../Engine/Content/EngineFonts/Faces/DroidSansFallback.uasset" 133
"../../../Engine/Content/EngineFonts/Faces/DroidSansFallback.uexp" 134
"../../../Engine/Content/EngineFonts/Faces/DroidSansFallback.ufont" 135
"../../../Engine/Content/EngineFonts/Roboto.uasset" 136
"../../../Engine/Content/EngineFonts/Roboto.uexp" 137
"../../../Engine/Content/EngineMaterials/BaseFlattenNormalMap.uasset" 138
"../../../Engine/Content/EngineMaterials/BaseFlattenNormalMap.uexp" 139
"../../../Engine/Content/EngineMaterials/BaseFlattenGrayscaleMap.uasset" 140
"../../../Engine/Content/EngineMaterials/BaseFlattenGrayscaleMap.uexp" 141
"../../../Engine/Content/EngineMaterials/BaseFlattenEmissiveMap.uasset" 142
"../../../Engine/Content/EngineMaterials/BaseFlattenEmissiveMap.uexp" 143
"../../../Engine/Content/EngineMaterials/BaseFlattenDiffuseMap.uasset" 144
"../../../Engine/Content/EngineMaterials/BaseFlattenDiffuseMap.uexp" 145
"../../../Engine/Content/EngineMaterials/BaseFlattenMaterial.uasset" 146
"../../../Engine/Content/EngineMaterials/BaseFlattenMaterial.uexp" 147
"../../../Engine/Content/EngineMaterials/BlueNoise.uasset" 148
"../../../Engine/Content/EngineMaterials/BlueNoise.uexp" 149
"../../../Engine/Content/EngineMaterials/DefaultBloomKernel.uasset" 150
"../../../Engine/Content/EngineMaterials/DefaultBloomKernel.uexp" 151
"../../../Engine/Content/EngineMaterials/DefaultBokeh.uasset" 152
"../../../Engine/Content/EngineMaterials/DefaultBokeh.uexp" 153
"../../../Engine/Content/EngineMaterials/DefaultDiffuse.uasset" 154
"../../../Engine/Content/EngineMaterials/DefaultDiffuse.uexp" 155
"../../../Engine/Content/EngineMaterials/DefaultDiffuse.ubulk" 156
"../../../Engine/Content/EngineMaterials/DefaultDeferredDecalMaterial.uasset" 157
"../../../Engine/Content/EngineMaterials/DefaultDeferredDecalMaterial.uexp" 158
"../../../Engine/Content/EngineMaterials/DefaultLightFunctionMaterial.uasset" 159
"../../../Engine/Content/EngineMaterials/DefaultLightFunctionMaterial.uexp" 160
"../../../Engine/Content/EngineMaterials/DefaultPhysicalMaterial.uasset" 161
"../../../Engine/Content/EngineMaterials/DefaultPhysicalMaterial.uexp" 162
"../../../Engine/Content/Functions/Engine_MaterialFunctions02/Utility/BreakOutFloat2Components.uasset" 163
"../../../Engine/Content/Functions/Engine_MaterialFunctions02/Utility/BreakOutFloat2Components.uexp" 164
"../../../Engine/Content/EngineMaterials/DefaultPostProcessMaterial.uasset" 165
"../../../Engine/Content/EngineMaterials/DefaultPostProcessMaterial.uexp" 166
"../../../Engine/Content/EngineFonts/RobotoDistanceField.uasset" 167
"../../../Engine/Content/EngineFonts/RobotoDistanceField.uexp" 168
"../../../Engine/Content/EngineMaterials/DefaultTextMaterialOpaque.uasset" 169
"../../../Engine/Content/EngineMaterials/DefaultTextMaterialOpaque.uexp" 170
"../../../Engine/Content/EngineMaterials/DefaultWhiteGrid.uasset" 171
"../../../Engine/Content/EngineMaterials/DefaultWhiteGrid.uexp" 172
"../../../Engine/Content/EngineMaterials/DefaultWhiteGrid.ubulk" 173
"../../../Engine/Content/EngineMaterials/DefaultWhiteGrid_Low.uasset" 174
"../../../Engine/Content/EngineMaterials/DefaultWhiteGrid_Low.uexp" 175
"../../../Engine/Content/EngineMaterials/EmissiveMeshMaterial.uasset" 176
"../../../Engine/Content/EngineMaterials/EmissiveMeshMaterial.uexp" 177
"../../../Engine/Content/EngineMaterials/GizmoMaterial.uasset" 178
"../../../Engine/Content/EngineMaterials/GizmoMaterial.uexp" 179
"../../../Engine/Content/EngineMaterials/Good64x64TilingNoiseHighFreq.uasset" 180
"../../../Engine/Content/EngineMaterials/Good64x64TilingNoiseHighFreq.uexp" 181
"../../../Engine/Content/EngineMaterials/MiniFont.uasset" 182
"../../../Engine/Content/EngineMaterials/MiniFont.uexp" 183
"../../../Engine/Content/EngineMaterials/InvalidLightmapSettings.uasset" 184
"../../../Engine/Content/EngineMaterials/InvalidLightmapSettings.uexp" 185
"../../../Engine/Content/EngineMaterials/InvalidLightmapSettings.ubulk" 186
"../../../Engine/Content/EngineMaterials/M_InvalidLightmapSettings.uasset" 187
"../../../Engine/Content/EngineMaterials/M_InvalidLightmapSettings.uexp" 188
"../../../Engine/Content/Functions/Engine_MaterialFunctions02/WorldPositionOffset/CameraOffset.uasset" 189
"../../../Engine/Content/Functions/Engine_MaterialFunctions02/WorldPositionOffset/CameraOffset.uexp" 190
"../../../Engine/Content/EngineMaterials/PhAT_JointLimitMaterial.uasset" 191
"../../../Engine/Content/EngineMaterials/PhAT_JointLimitMaterial.uexp" 192
"../../../Engine/Content/EngineMaterials/DefaultCalibrationColor.uasset" 193
"../../../Engine/Content/EngineMaterials/DefaultCalibrationColor.uexp" 194
"../../../Engine/Content/EngineMaterials/PPM_DefaultCalibrationColor.uasset" 195
"../../../Engine/Content/EngineMaterials/PPM_DefaultCalibrationColor.uexp" 196
"../../../Engine/Content/EngineMaterials/DefaultCalibrationGrayscale.uasset" 197
"../../../Engine/Content/EngineMaterials/DefaultCalibrationGrayscale.uexp" 198
"../../../Engine/Content/EngineMaterials/PPM_DefaultCalibrationGrayscale.uasset" 199
"../../../Engine/Content/EngineMaterials/PPM_DefaultCalibrationGrayscale.uexp" 200
"../../../Engine/Content/EngineMaterials/PreintegratedSkinBRDF.uasset" 201
"../../../Engine/Content/EngineMaterials/PreintegratedSkinBRDF.uexp" 202
"../../../Engine/Content/EngineMaterials/RemoveSurfaceMaterial.uasset" 203
"../../../Engine/Content/EngineMaterials/RemoveSurfaceMaterial.uexp" 204
"../../../Engine/Content/EngineMaterials/WeightMapPlaceholderTexture.uasset" 205
"../../../Engine/Content/EngineMaterials/WeightMapPlaceholderTexture.uexp" 206
"../../../Engine/Content/EngineResources/WhiteSquareTexture.uasset" 207
"../../../Engine/Content/EngineResources/WhiteSquareTexture.uexp" 208
"../../../Engine/Content/EngineMaterials/Widget3DPassThrough.uasset" 209
"../../../Engine/Content/EngineMaterials/Widget3DPassThrough.uexp" 210
"../../../Engine/Content/EngineMaterials/Widget3DPassThrough_Masked.uasset" 211
"../../../Engine/Content/EngineMaterials/Widget3DPassThrough_Masked.uexp" 212
"../../../Engine/Content/EngineMaterials/Widget3DPassThrough_Opaque.uasset" 213
"../../../Engine/Content/EngineMaterials/Widget3DPassThrough_Opaque.uexp" 214
"../../../Engine/Content/EngineMaterials/Widget3DPassThrough_Masked_OneSided.uasset" 215
"../../../Engine/Content/EngineMaterials/Widget3DPassThrough_Masked_OneSided.uexp" 216
"../../../Engine/Content/EngineMaterials/Widget3DPassThrough_Opaque_OneSided.uasset" 217
"../../../Engine/Content/EngineMaterials/Widget3DPassThrough_Opaque_OneSided.uexp" 218
"../../../Engine/Content/EngineMaterials/Widget3DPassThrough_Translucent.uasset" 219
"../../../Engine/Content/EngineMaterials/Widget3DPassThrough_Translucent.uexp" 220
"../../../Engine/Content/EngineMaterials/Widget3DPassThrough_Translucent_OneSided.uasset" 221
"../../../Engine/Content/EngineMaterials/Widget3DPassThrough_Translucent_OneSided.uexp" 222
"../../../Engine/Content/EngineMeshes/Cylinder.uasset" 223
"../../../Engine/Content/EngineMeshes/Cylinder.uexp" 224
"../../../Engine/Content/EngineMeshes/Sphere.uasset" 225
"../../../Engine/Content/EngineMeshes/Sphere.uexp" 226
"../../../Engine/Content/EngineResources/DefaultTexture.uasset" 227
"../../../Engine/Content/EngineResources/DefaultTexture.uexp" 228
"../../../Engine/Content/EngineResources/DefaultTexture.ubulk" 229
"../../../Engine/Content/EngineResources/DefaultTextureCube.uasset" 230
"../../../Engine/Content/EngineResources/DefaultTextureCube.uexp" 231
"../../../Engine/Content/EngineResources/DefaultVolumeTexture2D.uasset" 232
"../../../Engine/Content/EngineResources/DefaultVolumeTexture2D.uexp" 233
"../../../Engine/Content/EngineResources/DefaultVolumeTexture.uasset" 234
"../../../Engine/Content/EngineResources/DefaultVolumeTexture.uexp" 235
"../../../Engine/Content/EngineResources/GradientTexture0.uasset" 236
"../../../Engine/Content/EngineResources/GradientTexture0.uexp" 237
"../../../Engine/Content/EngineSky/VolumetricClouds/T_NoiseShape64.uasset" 238
"../../../Engine/Content/EngineSky/VolumetricClouds/T_NoiseShape64.uexp" 239
"../../../Engine/Content/EngineSky/VolumetricClouds/T_NoiseShape64.ubulk" 240
"../../../Engine/Content/EngineSky/VolumetricClouds/T_VolumeNoiseShape64.uasset" 241
"../../../Engine/Content/EngineSky/VolumetricClouds/T_VolumeNoiseShape64.uexp" 242
"../../../Engine/Content/EngineSky/VolumetricClouds/T_NoiseErosion.uasset" 243
"../../../Engine/Content/EngineSky/VolumetricClouds/T_NoiseErosion.uexp" 244
"../../../Engine/Content/EngineSky/VolumetricClouds/T_NoiseErosion.ubulk" 245
"../../../Engine/Content/EngineSky/VolumetricClouds/T_VolumeNoiseErosion32.uasset" 246
"../../../Engine/Content/EngineSky/VolumetricClouds/T_VolumeNoiseErosion32.uexp" 247
"../../../Engine/Content/EngineSky/VolumetricClouds/CloudWeatherTexture.uasset" 248
"../../../Engine/Content/EngineSky/VolumetricClouds/CloudWeatherTexture.uexp" 249
"../../../Engine/Content/EngineSky/VolumetricClouds/CloudGradientTexture.uasset" 250
"../../../Engine/Content/EngineSky/VolumetricClouds/CloudGradientTexture.uexp" 251
"../../../Engine/Content/Functions/Engine_MaterialFunctions02/Utility/MakeFloat2.uasset" 252
"../../../Engine/Content/Functions/Engine_MaterialFunctions02/Utility/MakeFloat2.uexp" 253
"../../../Engine/Content/EngineSky/VolumetricClouds/m_SimpleVolumetricCloud.uasset" 254
"../../../Engine/Content/EngineSky/VolumetricClouds/m_SimpleVolumetricCloud.uexp" 255
"../../../Engine/Content/EngineSky/VolumetricClouds/m_SimpleVolumetricCloud_Inst.uasset" 256
"../../../Engine/Content/EngineSky/VolumetricClouds/m_SimpleVolumetricCloud_Inst.uexp" 257
"../../../Engine/Content/EngineSounds/Master.uasset" 258
"../../../Engine/Content/EngineSounds/Master.uexp" 259
"../../../Engine/Content/Functions/Engine_MaterialFunctions01/Shading/PowerToRoughness.uasset" 260
"../../../Engine/Content/Functions/Engine_MaterialFunctions01/Shading/PowerToRoughness.uexp" 261
"../../../Engine/Content/Maps/Templates/Thumbnails/Default.uasset" 262
"../../../Engine/Content/Maps/Templates/Thumbnails/Default.uexp" 263
"../../../Engine/Content/Maps/Templates/Thumbnails/TimeOfDay.uasset" 264
"../../../Engine/Content/Maps/Templates/Thumbnails/TimeOfDay.uexp" 265
"../../../Engine/Content/Maps/Templates/Thumbnails/VR-Basic.uasset" 266
"../../../Engine/Content/Maps/Templates/Thumbnails/VR-Basic.uexp" 267
"../../../Engine/Content/MobileResources/T_MobileControls_texture.uasset" 268
"../../../Engine/Content/MobileResources/T_MobileControls_texture.uexp" 269
"../../../Engine/Content/MobileResources/T_MobileMenu2.uasset" 270
"../../../Engine/Content/MobileResources/T_MobileMenu2.uexp" 271
"../../../Engine/Content/MobileResources/HUD/AnalogHat.uasset" 272
"../../../Engine/Content/MobileResources/HUD/AnalogHat.uexp" 273
"../../../Engine/Content/MobileResources/HUD/VirtualJoystick_Thumb.uasset" 274
"../../../Engine/Content/MobileResources/HUD/VirtualJoystick_Thumb.uexp" 275
"../../../Engine/Content/MobileResources/HUD/VirtualJoystick_Background.uasset" 276
"../../../Engine/Content/MobileResources/HUD/VirtualJoystick_Background.uexp" 277
"../../../Engine/Content/MobileResources/HUD/DefaultVirtualJoysticks.uasset" 278
"../../../Engine/Content/MobileResources/HUD/DefaultVirtualJoysticks.uexp" 279
"../../../Engine/Content/MobileResources/HUD/LeftVirtualJoystickOnly.uasset" 280
"../../../Engine/Content/MobileResources/HUD/LeftVirtualJoystickOnly.uexp" 281
"../../../Engine/Content/MobileResources/HUD/MobileHUDButton1_off.uasset" 282
"../../../Engine/Content/MobileResources/HUD/MobileHUDButton1_off.uexp" 283
"../../../Engine/Content/MobileResources/HUD/MobileHUDButton1_on.uasset" 284
"../../../Engine/Content/MobileResources/HUD/MobileHUDButton1_on.uexp" 285
"../../../Engine/Content/MobileResources/HUD/MobileHUDButton2_off.uasset" 286
"../../../Engine/Content/MobileResources/HUD/MobileHUDButton2_off.uexp" 287
"../../../Engine/Content/MobileResources/HUD/MobileHUDButton2_on.uasset" 288
"../../../Engine/Content/MobileResources/HUD/MobileHUDButton2_on.uexp" 289
"../../../Engine/Content/MobileResources/HUD/MobileHUDButton3.uasset" 290
"../../../Engine/Content/MobileResources/HUD/MobileHUDButton3.uexp" 291
"../../../Engine/Content/MobileResources/HUD/MobileHUDButtonFire.uasset" 292
"../../../Engine/Content/MobileResources/HUD/MobileHUDButtonFire.uexp" 293
"../../../Engine/Content/MobileResources/HUD/MobileHUDDirectionPad.uasset" 294
"../../../Engine/Content/MobileResources/HUD/MobileHUDDirectionPad.uexp" 295
"../../../Engine/Content/MobileResources/HUD/MobileHUDDirectionPad2.uasset" 296
"../../../Engine/Content/MobileResources/HUD/MobileHUDDirectionPad2.uexp" 297
"../../../Engine/Content/MobileResources/HUD/MobileHUDDirectionPad3.uasset" 298
"../../../Engine/Content/MobileResources/HUD/MobileHUDDirectionPad3.uexp" 299
"../../../Engine/Content/MobileResources/HUD/MobileHUDDirectionStick.uasset" 300
"../../../Engine/Content/MobileResources/HUD/MobileHUDDirectionStick.uexp" 301
"../../../Engine/Content/MobileResources/HUD/T_Castle_ThumbstickInner.uasset" 302
"../../../Engine/Content/MobileResources/HUD/T_Castle_ThumbstickInner.uexp" 303
"../../../Engine/Content/MobileResources/HUD/T_Castle_ThumbstickOutter.uasset" 304
"../../../Engine/Content/MobileResources/HUD/T_Castle_ThumbstickOutter.uexp" 305
"../../../Engine/Content/Tutorial/ContentIntroCurve.uasset" 306
"../../../Engine/Content/Tutorial/ContentIntroCurve.uexp" 307
"../../../Engine/Content/Tutorial/BlueprintTutorials/TutorialAssets/Blueprint_64x.uasset" 308
"../../../Engine/Content/Tutorial/BlueprintTutorials/TutorialAssets/Blueprint_64x.uexp" 309
"../../../Engine/Content/VREditor/TransformGizmo/TranslucentTransformGizmoMaterial.uasset" 310
"../../../Engine/Content/VREditor/TransformGizmo/TranslucentTransformGizmoMaterial.uexp" 311
"../../../Engine/Content/VREditor/LaserPointer/VR_LaserPower_01.uasset" 312
"../../../Engine/Content/VREditor/LaserPointer/VR_LaserPower_01.uexp" 313
"../../../Engine/Content/VREditor/LaserPointer/VR_LaserPower_01.ubulk" 314
"../../../Engine/Content/VREditor/TransformGizmo/TransformGizmoMaterial.uasset" 315
"../../../Engine/Content/VREditor/TransformGizmo/TransformGizmoMaterial.uexp" 316
"../../../Engine/Content/VREditor/TransformGizmo/BoundingBoxCorner.uasset" 317
"../../../Engine/Content/VREditor/TransformGizmo/BoundingBoxCorner.uexp" 318
"../../../Engine/Content/VREditor/TransformGizmo/BoundingBoxEdge.uasset" 319
"../../../Engine/Content/VREditor/TransformGizmo/BoundingBoxEdge.uexp" 320
"../../../Engine/Content/VREditor/TransformGizmo/PlaneTranslationHandle.uasset" 321
"../../../Engine/Content/VREditor/TransformGizmo/PlaneTranslationHandle.uexp" 322
"../../../Engine/Content/VREditor/TransformGizmo/Xray.uasset" 323
"../../../Engine/Content/VREditor/TransformGizmo/Xray.uexp" 324
"../../../Engine/Content/VREditor/TransformGizmo/Main.uasset" 325
"../../../Engine/Content/VREditor/TransformGizmo/Main.uexp" 326
"../../../Engine/Content/VREditor/TransformGizmo/SM_Sequencer_Key.uasset" 327
"../../../Engine/Content/VREditor/TransformGizmo/SM_Sequencer_Key.uexp" 328
"../../../Engine/Content/VREditor/TransformGizmo/SM_Sequencer_Node.uasset" 329
"../../../Engine/Content/VREditor/TransformGizmo/SM_Sequencer_Node.uexp" 330
"../../../Engine/Plugins/2D/Paper2D/Content/PlaceholderTextures/DummySpriteTexture.uasset" 331
"../../../Engine/Plugins/2D/Paper2D/Content/PlaceholderTextures/DummySpriteTexture.uexp" 332
"../../../Engine/Plugins/2D/Paper2D/Content/PlaceholderTextures/DummySpriteTexture.ubulk" 333
"../../../Engine/Plugins/2D/Paper2D/Content/DummySprite.uasset" 334
"../../../Engine/Plugins/2D/Paper2D/Content/DummySprite.uexp" 335
"../../../Engine/Plugins/2D/Paper2D/Content/DefaultPaperTerrainMaterial.uasset" 336
"../../../Engine/Plugins/2D/Paper2D/Content/DefaultPaperTerrainMaterial.uexp" 337
"../../../Engine/Plugins/2D/Paper2D/Content/DefaultSpriteMaterial.uasset" 338
"../../../Engine/Plugins/2D/Paper2D/Content/DefaultSpriteMaterial.uexp" 339
"../../../Engine/Plugins/2D/Paper2D/Content/MaskedUnlitSpriteMaterial.uasset" 340
"../../../Engine/Plugins/2D/Paper2D/Content/MaskedUnlitSpriteMaterial.uexp" 341
"../../../Engine/Plugins/2D/Paper2D/Content/OpaqueUnlitSpriteMaterial.uasset" 342
"../../../Engine/Plugins/2D/Paper2D/Content/OpaqueUnlitSpriteMaterial.uexp" 343
"../../../Engine/Content/Functions/Engine_MaterialFunctions02/Utility/BreakOutFloat3Components.uasset" 344
"../../../Engine/Content/Functions/Engine_MaterialFunctions02/Utility/BreakOutFloat3Components.uexp" 345
"../../../Engine/Plugins/Editor/SpeedTreeImporter/Content/SpeedTree9/UnpackInteger3.uasset" 346
"../../../Engine/Plugins/Editor/SpeedTreeImporter/Content/SpeedTree9/UnpackInteger3.uexp" 347
"../../../Engine/Plugins/Editor/SpeedTreeImporter/Content/SpeedTree9/UnpackDirection.uasset" 348
"../../../Engine/Plugins/Editor/SpeedTreeImporter/Content/SpeedTree9/UnpackDirection.uexp" 349
"../../../Engine/Plugins/Editor/SpeedTreeImporter/Content/SpeedTree9/game_wind_noise.uasset" 350
"../../../Engine/Plugins/Editor/SpeedTreeImporter/Content/SpeedTree9/game_wind_noise.uexp" 351
"../../../Engine/Plugins/Editor/SpeedTreeImporter/Content/SpeedTree9/game_wind_noise.ubulk" 352
"../../../Engine/Content/Functions/Engine_MaterialFunctions02/SafeNormalize.uasset" 353
"../../../Engine/Content/Functions/Engine_MaterialFunctions02/SafeNormalize.uexp" 354
"../../../Engine/Plugins/Editor/SpeedTreeImporter/Content/SpeedTree9/SpeedTreeWindMotion.uasset" 355
"../../../Engine/Plugins/Editor/SpeedTreeImporter/Content/SpeedTree9/SpeedTreeWindMotion.uexp" 356
"../../../Engine/Plugins/Editor/SpeedTreeImporter/Content/SpeedTree9/SpeedTreeBranchMotion.uasset" 357
"../../../Engine/Plugins/Editor/SpeedTreeImporter/Content/SpeedTree9/SpeedTreeBranchMotion.uexp" 358
"../../../Engine/Content/Functions/Engine_MaterialFunctions02/ObjectLocalBounds.uasset" 359
"../../../Engine/Content/Functions/Engine_MaterialFunctions02/ObjectLocalBounds.uexp" 360
"../../../Engine/Content/Functions/Engine_MaterialFunctions02/UVs/BoundingBoxBased_0-1_UVW.uasset" 361
"../../../Engine/Content/Functions/Engine_MaterialFunctions02/UVs/BoundingBoxBased_0-1_UVW.uexp" 362
"../../../Engine/Content/Functions/Engine_MaterialFunctions02/Utility/VectorLength.uasset" 363
"../../../Engine/Content/Functions/Engine_MaterialFunctions02/Utility/VectorLength.uexp" 364
"../../../Engine/Content/Functions/Engine_MaterialFunctions02/WorldPositionOffset/ObjectScale.uasset" 365
"../../../Engine/Content/Functions/Engine_MaterialFunctions02/WorldPositionOffset/ObjectScale.uexp" 366
"../../../Engine/Plugins/Editor/SpeedTreeImporter/Content/SpeedTree9/SpeedTreeWind.uasset" 367
"../../../Engine/Plugins/Editor/SpeedTreeImporter/Content/SpeedTree9/SpeedTreeWind.uexp" 368
"../../../Engine/Plugins/Editor/SpeedTreeImporter/Content/SpeedTree9/SpeedTreeBillboard.uasset" 369
"../../../Engine/Plugins/Editor/SpeedTreeImporter/Content/SpeedTree9/SpeedTreeBillboard.uexp" 370
"../../../Engine/Plugins/Editor/SpeedTreeImporter/Content/SpeedTree9/EmptyNormal.uasset" 371
"../../../Engine/Plugins/Editor/SpeedTreeImporter/Content/SpeedTree9/EmptyNormal.uexp" 372
"../../../Engine/Plugins/Editor/SpeedTreeImporter/Content/SpeedTree9/Empty.uasset" 373
"../../../Engine/Plugins/Editor/SpeedTreeImporter/Content/SpeedTree9/Empty.uexp" 374
"../../../Engine/Plugins/Editor/SpeedTreeImporter/Content/SpeedTree9/SpeedTreeBillboardMaster.uasset" 375
"../../../Engine/Plugins/Editor/SpeedTreeImporter/Content/SpeedTree9/SpeedTreeBillboardMaster.uexp" 376
"../../../Engine/Plugins/Editor/SpeedTreeImporter/Content/SpeedTree9/SpeedTreeCameraFacing.uasset" 377
"../../../Engine/Plugins/Editor/SpeedTreeImporter/Content/SpeedTree9/SpeedTreeCameraFacing.uexp" 378
"../../../Engine/Plugins/Editor/SpeedTreeImporter/Content/SpeedTree9/SpeedTreeMaster.uasset" 379
"../../../Engine/Plugins/Editor/SpeedTreeImporter/Content/SpeedTree9/SpeedTreeMaster.uexp" 380
"../../../Engine/Content/BasicShapes/Cylinder.uasset" 381
"../../../Engine/Content/BasicShapes/Cylinder.uexp" 382
"../../../Engine/Content/ArtTools/RenderToTexture/Materials/Debug/M_Emissive_Color.uasset" 383
"../../../Engine/Content/ArtTools/RenderToTexture/Materials/Debug/M_Emissive_Color.uexp" 384
"../../../Engine/Plugins/Lumin/MagicLeapPassableWorld/Content/MagicLeapARPinInfoActor.uasset" 385
"../../../Engine/Plugins/Lumin/MagicLeapPassableWorld/Content/MagicLeapARPinInfoActor.uexp" 386
"../../../Engine/Plugins/Runtime/OpenXR/Content/Devices/GoogleDaydream/MRTexture.uasset" 387
"../../../Engine/Plugins/Runtime/OpenXR/Content/Devices/GoogleDaydream/MRTexture.uexp" 388
"../../../Engine/Plugins/Runtime/OpenXR/Content/Devices/GoogleDaydream/MRTexture.ubulk" 389
"../../../Engine/Plugins/Runtime/OpenXR/Content/Devices/GoogleDaydream/BaseTexture.uasset" 390
"../../../Engine/Plugins/Runtime/OpenXR/Content/Devices/GoogleDaydream/BaseTexture.uexp" 391
"../../../Engine/Plugins/Runtime/OpenXR/Content/Devices/GoogleDaydream/BaseTexture.ubulk" 392
"../../../Engine/Content/EngineResources/Black.uasset" 393
"../../../Engine/Content/EngineResources/Black.uexp" 394
"../../../Engine/Plugins/Runtime/OpenXR/Content/Devices/M_XRController.uasset" 395
"../../../Engine/Plugins/Runtime/OpenXR/Content/Devices/M_XRController.uexp" 396
"../../../Engine/Plugins/Runtime/OpenXR/Content/Devices/GoogleDaydream/MI_GoogleDaydream.uasset" 397
"../../../Engine/Plugins/Runtime/OpenXR/Content/Devices/GoogleDaydream/MI_GoogleDaydream.uexp" 398
"../../../Engine/Plugins/Runtime/OpenXR/Content/Devices/GoogleDaydream/GoogleDaydreamController.uasset" 399
"../../../Engine/Plugins/Runtime/OpenXR/Content/Devices/GoogleDaydream/GoogleDaydreamController.uexp" 400
"../../../Engine/Plugins/Runtime/OpenXR/Content/Devices/HTCVive/BaseTexture.uasset" 401
"../../../Engine/Plugins/Runtime/OpenXR/Content/Devices/HTCVive/BaseTexture.uexp" 402
"../../../Engine/Plugins/Runtime/OpenXR/Content/Devices/HTCVive/BaseTexture.ubulk" 403
"../../../Engine/Plugins/Runtime/OpenXR/Content/Devices/HTCVive/MI_HTCVive.uasset" 404
"../../../Engine/Plugins/Runtime/OpenXR/Content/Devices/HTCVive/MI_HTCVive.uexp" 405
"../../../Engine/Plugins/Runtime/OpenXR/Content/Devices/HTCVive/HTCViveController.uasset" 406
"../../../Engine/Plugins/Runtime/OpenXR/Content/Devices/HTCVive/HTCViveController.uexp" 407
"../../../Engine/Plugins/Runtime/OpenXR/Content/Devices/MicrosoftMixedReality/NormalTexture.uasset" 408
"../../../Engine/Plugins/Runtime/OpenXR/Content/Devices/MicrosoftMixedReality/NormalTexture.uexp" 409
"../../../Engine/Plugins/Runtime/OpenXR/Content/Devices/MicrosoftMixedReality/NormalTexture.ubulk" 410
"../../../Engine/Plugins/Runtime/OpenXR/Content/Devices/MicrosoftMixedReality/MRTexture.uasset" 411
"../../../Engine/Plugins/Runtime/OpenXR/Content/Devices/MicrosoftMixedReality/MRTexture.uexp" 412
"../../../Engine/Plugins/Runtime/OpenXR/Content/Devices/MicrosoftMixedReality/MRTexture.ubulk" 413
"../../../Engine/Plugins/Runtime/OpenXR/Content/Devices/MicrosoftMixedReality/EmissiveTexture.uasset" 414
"../../../Engine/Plugins/Runtime/OpenXR/Content/Devices/MicrosoftMixedReality/EmissiveTexture.uexp" 415
"../../../Engine/Plugins/Runtime/OpenXR/Content/Devices/MicrosoftMixedReality/EmissiveTexture.ubulk" 416
"../../../Engine/Plugins/Runtime/OpenXR/Content/Devices/MicrosoftMixedReality/BaseTexture.uasset" 417
"../../../Engine/Plugins/Runtime/OpenXR/Content/Devices/MicrosoftMixedReality/BaseTexture.uexp" 418
"../../../Engine/Plugins/Runtime/OpenXR/Content/Devices/MicrosoftMixedReality/BaseTexture.ubulk" 419
"../../../Engine/Plugins/Runtime/OpenXR/Content/Devices/MicrosoftMixedReality/MI_MicrosoftMixedReality.uasset" 420
"../../../Engine/Plugins/Runtime/OpenXR/Content/Devices/MicrosoftMixedReality/MI_MicrosoftMixedReality.uexp" 421
"../../../Engine/Plugins/Runtime/OpenXR/Content/Devices/MicrosoftMixedReality/Left/left_MicrosoftMixedRealityController.uasset" 422
"../../../Engine/Plugins/Runtime/OpenXR/Content/Devices/MicrosoftMixedReality/Left/left_MicrosoftMixedRealityController.uexp" 423
"../../../Engine/Plugins/Runtime/OpenXR/Content/Devices/MicrosoftMixedReality/Right/right_MicrosoftMixedRealityController.uasset" 424
"../../../Engine/Plugins/Runtime/OpenXR/Content/Devices/MicrosoftMixedReality/Right/right_MicrosoftMixedRealityController.uexp" 425
"../../../Engine/Plugins/Runtime/OpenXR/Content/Devices/OculusGo/BaseTexture.uasset" 426
"../../../Engine/Plugins/Runtime/OpenXR/Content/Devices/OculusGo/BaseTexture.uexp" 427
"../../../Engine/Plugins/Runtime/OpenXR/Content/Devices/OculusGo/BaseTexture.ubulk" 428
"../../../Engine/Plugins/Runtime/OpenXR/Content/Devices/OculusGo/MI_OculusGo.uasset" 429
"../../../Engine/Plugins/Runtime/OpenXR/Content/Devices/OculusGo/MI_OculusGo.uexp" 430
"../../../Engine/Plugins/Runtime/OpenXR/Content/Devices/OculusGo/OculusGoController.uasset" 431
"../../../Engine/Plugins/Runtime/OpenXR/Content/Devices/OculusGo/OculusGoController.uexp" 432
"../../../Engine/Plugins/Runtime/OpenXR/Content/Devices/OculusTouch/MRTexture.uasset" 433
"../../../Engine/Plugins/Runtime/OpenXR/Content/Devices/OculusTouch/MRTexture.uexp" 434
"../../../Engine/Plugins/Runtime/OpenXR/Content/Devices/OculusTouch/MRTexture.ubulk" 435
"../../../Engine/Plugins/Runtime/OpenXR/Content/Devices/OculusTouch/BaseTexture.uasset" 436
"../../../Engine/Plugins/Runtime/OpenXR/Content/Devices/OculusTouch/BaseTexture.uexp" 437
"../../../Engine/Plugins/Runtime/OpenXR/Content/Devices/OculusTouch/BaseTexture.ubulk" 438
"../../../Engine/Plugins/Runtime/OpenXR/Content/Devices/OculusTouch/MI_OculusTouch.uasset" 439
"../../../Engine/Plugins/Runtime/OpenXR/Content/Devices/OculusTouch/MI_OculusTouch.uexp" 440
"../../../Engine/Plugins/Runtime/OpenXR/Content/Devices/OculusTouch/Left/left_OculusTouchController.uasset" 441
"../../../Engine/Plugins/Runtime/OpenXR/Content/Devices/OculusTouch/Left/left_OculusTouchController.uexp" 442
"../../../Engine/Plugins/Runtime/OpenXR/Content/Devices/OculusTouch/Right/right_OculusTouchController.uasset" 443
"../../../Engine/Plugins/Runtime/OpenXR/Content/Devices/OculusTouch/Right/right_OculusTouchController.uexp" 444
"../../../Engine/Plugins/Runtime/OpenXR/Content/Devices/OculusTouch_v2/MRTexture.uasset" 445
"../../../Engine/Plugins/Runtime/OpenXR/Content/Devices/OculusTouch_v2/MRTexture.uexp" 446
"../../../Engine/Plugins/Runtime/OpenXR/Content/Devices/OculusTouch_v2/MRTexture.ubulk" 447
"../../../Engine/Plugins/Runtime/OpenXR/Content/Devices/OculusTouch_v2/BaseTexture.uasset" 448
"../../../Engine/Plugins/Runtime/OpenXR/Content/Devices/OculusTouch_v2/BaseTexture.uexp" 449
"../../../Engine/Plugins/Runtime/OpenXR/Content/Devices/OculusTouch_v2/BaseTexture.ubulk" 450
"../../../Engine/Plugins/Runtime/OpenXR/Content/Devices/OculusTouch_v2/MI_OculusTouch_v2.uasset" 451
"../../../Engine/Plugins/Runtime/OpenXR/Content/Devices/OculusTouch_v2/MI_OculusTouch_v2.uexp" 452
"../../../Engine/Plugins/Runtime/OpenXR/Content/Devices/OculusTouch_v2/Left/left_OculusTouch_v2Controller.uasset" 453
"../../../Engine/Plugins/Runtime/OpenXR/Content/Devices/OculusTouch_v2/Left/left_OculusTouch_v2Controller.uexp" 454
"../../../Engine/Plugins/Runtime/OpenXR/Content/Devices/OculusTouch_v2/Right/right_OculusTouch_v2Controller.uasset" 455
"../../../Engine/Plugins/Runtime/OpenXR/Content/Devices/OculusTouch_v2/Right/right_OculusTouch_v2Controller.uexp" 456
"../../../Engine/Plugins/Runtime/OpenXR/Content/Devices/OculusTouch_v3/MRTexture.uasset" 457
"../../../Engine/Plugins/Runtime/OpenXR/Content/Devices/OculusTouch_v3/MRTexture.uexp" 458
"../../../Engine/Plugins/Runtime/OpenXR/Content/Devices/OculusTouch_v3/MRTexture.ubulk" 459
"../../../Engine/Plugins/Runtime/OpenXR/Content/Devices/OculusTouch_v3/BaseTexture.uasset" 460
"../../../Engine/Plugins/Runtime/OpenXR/Content/Devices/OculusTouch_v3/BaseTexture.uexp" 461
"../../../Engine/Plugins/Runtime/OpenXR/Content/Devices/OculusTouch_v3/BaseTexture.ubulk" 462
"../../../Engine/Plugins/Runtime/OpenXR/Content/Devices/OculusTouch_v3/MI_OculusTouch_v3.uasset" 463
"../../../Engine/Plugins/Runtime/OpenXR/Content/Devices/OculusTouch_v3/MI_OculusTouch_v3.uexp" 464
"../../../Engine/Plugins/Runtime/OpenXR/Content/Devices/OculusTouch_v3/Left/left_OculusTouch_v3Controller.uasset" 465
"../../../Engine/Plugins/Runtime/OpenXR/Content/Devices/OculusTouch_v3/Left/left_OculusTouch_v3Controller.uexp" 466
"../../../Engine/Plugins/Runtime/OpenXR/Content/Devices/OculusTouch_v3/Right/right_OculusTouch_v3Controller.uasset" 467
"../../../Engine/Plugins/Runtime/OpenXR/Content/Devices/OculusTouch_v3/Right/right_OculusTouch_v3Controller.uexp" 468
"../../../Engine/Plugins/Runtime/OpenXR/Content/Devices/ValveIndex/Left/left_MRTexture.uasset" 469
"../../../Engine/Plugins/Runtime/OpenXR/Content/Devices/ValveIndex/Left/left_MRTexture.uexp" 470
"../../../Engine/Plugins/Runtime/OpenXR/Content/Devices/ValveIndex/Left/left_MRTexture.ubulk" 471
"../../../Engine/Plugins/Runtime/OpenXR/Content/Devices/ValveIndex/Left/left_BaseTexture.uasset" 472
"../../../Engine/Plugins/Runtime/OpenXR/Content/Devices/ValveIndex/Left/left_BaseTexture.uexp" 473
"../../../Engine/Plugins/Runtime/OpenXR/Content/Devices/ValveIndex/Left/left_BaseTexture.ubulk" 474
"../../../Engine/Plugins/Runtime/OpenXR/Content/Devices/ValveIndex/Left/MI_left_ValveIndex.uasset" 475
"../../../Engine/Plugins/Runtime/OpenXR/Content/Devices/ValveIndex/Left/MI_left_ValveIndex.uexp" 476
"../../../Engine/Plugins/Runtime/OpenXR/Content/Devices/ValveIndex/Left/left_ValveIndexController.uasset" 477
"../../../Engine/Plugins/Runtime/OpenXR/Content/Devices/ValveIndex/Left/left_ValveIndexController.uexp" 478
"../../../Engine/Plugins/Runtime/OpenXR/Content/Devices/ValveIndex/Right/right_MRTexture.uasset" 479
"../../../Engine/Plugins/Runtime/OpenXR/Content/Devices/ValveIndex/Right/right_MRTexture.uexp" 480
"../../../Engine/Plugins/Runtime/OpenXR/Content/Devices/ValveIndex/Right/right_MRTexture.ubulk" 481
"../../../Engine/Plugins/Runtime/OpenXR/Content/Devices/ValveIndex/Right/right_BaseTexture.uasset" 482
"../../../Engine/Plugins/Runtime/OpenXR/Content/Devices/ValveIndex/Right/right_BaseTexture.uexp" 483
"../../../Engine/Plugins/Runtime/OpenXR/Content/Devices/ValveIndex/Right/right_BaseTexture.ubulk" 484
"../../../Engine/Plugins/Runtime/OpenXR/Content/Devices/ValveIndex/Right/MI_right_ValveIndex.uasset" 485
"../../../Engine/Plugins/Runtime/OpenXR/Content/Devices/ValveIndex/Right/MI_right_ValveIndex.uexp" 486
"../../../Engine/Plugins/Runtime/OpenXR/Content/Devices/ValveIndex/Right/right_ValveIndexController.uasset" 487
"../../../Engine/Plugins/Runtime/OpenXR/Content/Devices/ValveIndex/Right/right_ValveIndexController.uexp" 488
"../../../Engine/Content/Functions/Engine_MaterialFunctions02/Utility/BreakOutFloat4Components.uasset" 489
"../../../Engine/Content/Functions/Engine_MaterialFunctions02/Utility/BreakOutFloat4Components.uexp" 490
"../../../Engine/Content/Functions/Engine_MaterialFunctions02/Utility/MakeFloat3.uasset" 491
"../../../Engine/Content/Functions/Engine_MaterialFunctions02/Utility/MakeFloat3.uexp" 492
"../../../Engine/Plugins/Runtime/Oculus/OculusVR/Content/Materials/OculusMR_ChromaKey.uasset" 493
"../../../Engine/Plugins/Runtime/Oculus/OculusVR/Content/Materials/OculusMR_ChromaKey.uexp" 494
"../../../Engine/Plugins/Runtime/Oculus/OculusVR/Content/Materials/OculusMR_OpaqueColoredMaterial.uasset" 495
"../../../Engine/Plugins/Runtime/Oculus/OculusVR/Content/Materials/OculusMR_OpaqueColoredMaterial.uexp" 496
"../../../Engine/Plugins/Runtime/Oculus/OculusVR/Content/Materials/PokeAHoleMaterial.uasset" 497
"../../../Engine/Plugins/Runtime/Oculus/OculusVR/Content/Materials/PokeAHoleMaterial.uexp" 498
"../../../Engine/Plugins/Runtime/Oculus/OculusVR/Content/Textures/touchController_controlmap.uasset" 499
"../../../Engine/Plugins/Runtime/Oculus/OculusVR/Content/Textures/touchController_controlmap.uexp" 500
"../../../Engine/Plugins/Runtime/Oculus/OculusVR/Content/Textures/touchController_controlmap.ubulk" 501
"../../../Engine/Plugins/Runtime/Oculus/OculusVR/Content/Textures/touchController_albedo.uasset" 502
"../../../Engine/Plugins/Runtime/Oculus/OculusVR/Content/Textures/touchController_albedo.uexp" 503
"../../../Engine/Plugins/Runtime/Oculus/OculusVR/Content/Textures/touchController_albedo.ubulk" 504
"../../../Engine/Plugins/Runtime/Oculus/OculusVR/Content/Materials/touchController_mat.uasset" 505
"../../../Engine/Plugins/Runtime/Oculus/OculusVR/Content/Materials/touchController_mat.uexp" 506
"../../../Engine/Plugins/Runtime/Oculus/OculusVR/Content/Meshes/LeftTouchController.uasset" 507
"../../../Engine/Plugins/Runtime/Oculus/OculusVR/Content/Meshes/LeftTouchController.uexp" 508
"../../../Engine/Plugins/Runtime/Oculus/OculusVR/Content/Textures/TouchForQuestRiftSController_albedo.uasset" 509
"../../../Engine/Plugins/Runtime/Oculus/OculusVR/Content/Textures/TouchForQuestRiftSController_albedo.uexp" 510
"../../../Engine/Plugins/Runtime/Oculus/OculusVR/Content/Textures/TouchForQuestRiftSController_albedo.ubulk" 511
"../../../Engine/Plugins/Runtime/Oculus/OculusVR/Content/Materials/TouchForQuestRiftSControllerMaterial.uasset" 512
"../../../Engine/Plugins/Runtime/Oculus/OculusVR/Content/Materials/TouchForQuestRiftSControllerMaterial.uexp" 513
"../../../Engine/Plugins/Runtime/Oculus/OculusVR/Content/Meshes/LeftTouchForQuestRiftSController.uasset" 514
"../../../Engine/Plugins/Runtime/Oculus/OculusVR/Content/Meshes/LeftTouchForQuestRiftSController.uexp" 515
"../../../Engine/Plugins/Runtime/Oculus/OculusVR/Content/Meshes/RiftHMD.uasset" 516
"../../../Engine/Plugins/Runtime/Oculus/OculusVR/Content/Meshes/RiftHMD.uexp" 517
"../../../Engine/Plugins/Runtime/Oculus/OculusVR/Content/Meshes/RightTouchController.uasset" 518
"../../../Engine/Plugins/Runtime/Oculus/OculusVR/Content/Meshes/RightTouchController.uexp" 519
"../../../Engine/Plugins/Runtime/Oculus/OculusVR/Content/Meshes/RightTouchForQuestRiftSController.uasset" 520
"../../../Engine/Plugins/Runtime/Oculus/OculusVR/Content/Meshes/RightTouchForQuestRiftSController.uexp" 521
"D:/Dowloads/Agulha-main/Agulha-main/Content/Core/TileMap/TileMap.uasset" 522
"D:/Dowloads/Agulha-main/Agulha-main/Content/Core/TileMap/TileMap.uexp" 523
"D:/Dowloads/Agulha-main/Agulha-main/Content/Core/TileMap/TileMap_TileSet.uasset" 524
"D:/Dowloads/Agulha-main/Agulha-main/Content/Core/TileMap/TileMap_TileSet.uexp" 525
"D:/Dowloads/Agulha-main/Agulha-main/Content/Core/NPC/Guy.uasset" 526
"D:/Dowloads/Agulha-main/Agulha-main/Content/Core/NPC/Guy.uexp" 527
"../../../Engine/Plugins/2D/Paper2D/Content/PlaceholderTextures/FlatNormalMap.uasset" 528
"../../../Engine/Plugins/2D/Paper2D/Content/PlaceholderTextures/FlatNormalMap.uexp" 529
"../../../Engine/Plugins/2D/Paper2D/Content/DefaultLitSpriteMaterial.uasset" 530
"../../../Engine/Plugins/2D/Paper2D/Content/DefaultLitSpriteMaterial.uexp" 531
"D:/Dowloads/Agulha-main/Agulha-main/Content/Core/NPC/GuySprite.uasset" 532
"D:/Dowloads/Agulha-main/Agulha-main/Content/Core/NPC/GuySprite.uexp" 533
"D:/Dowloads/Agulha-main/Agulha-main/Content/Core/NPC/DialogueWidget.uasset" 534
"D:/Dowloads/Agulha-main/Agulha-main/Content/Core/NPC/DialogueWidget.uexp" 535
"D:/Dowloads/Agulha-main/Agulha-main/Content/Core/NPC/DialogueBox.uasset" 536
"D:/Dowloads/Agulha-main/Agulha-main/Content/Core/NPC/DialogueBox.uexp" 537
"../../../Engine/Content/EditorBlueprintResources/StandardMacros.uasset" 538
"../../../Engine/Content/EditorBlueprintResources/StandardMacros.uexp" 539
"D:/Dowloads/Agulha-main/Agulha-main/Content/Core/UI/PauseMenu/PauseMenu.uasset" 540
"D:/Dowloads/Agulha-main/Agulha-main/Content/Core/UI/PauseMenu/PauseMenu.uexp" 541
"D:/Dowloads/Agulha-main/Agulha-main/Content/Core/UI/HealthBar/HeartFull.uasset" 542
"D:/Dowloads/Agulha-main/Agulha-main/Content/Core/UI/HealthBar/HeartFull.uexp" 543
"D:/Dowloads/Agulha-main/Agulha-main/Content/Core/UI/HealthBar/HeartEmpty.uasset" 544
"D:/Dowloads/Agulha-main/Agulha-main/Content/Core/UI/HealthBar/HeartEmpty.uexp" 545
"D:/Dowloads/Agulha-main/Agulha-main/Content/GameInstance/GameInstanceTest.uasset" 546
"D:/Dowloads/Agulha-main/Agulha-main/Content/GameInstance/GameInstanceTest.uexp" 547
"D:/Dowloads/Agulha-main/Agulha-main/Content/Core/UI/HealthBar/PlayerHUD.uasset" 548
"D:/Dowloads/Agulha-main/Agulha-main/Content/Core/UI/HealthBar/PlayerHUD.uexp" 549
"D:/Dowloads/Agulha-main/Agulha-main/Content/Core/Lappe/EMovement.uasset" 550
"D:/Dowloads/Agulha-main/Agulha-main/Content/Core/Lappe/EMovement.uexp" 551
"D:/Dowloads/Agulha-main/Agulha-main/Content/Core/Lappe/WoolMap.uasset" 552
"D:/Dowloads/Agulha-main/Agulha-main/Content/Core/Lappe/WoolMap.uexp" 553
"D:/Dowloads/Agulha-main/Agulha-main/Content/Core/Lappe/WoolMap.ubulk" 554
"D:/Dowloads/Agulha-main/Agulha-main/Content/Core/Lappe/WoolBurstTransparent.uasset" 555
"D:/Dowloads/Agulha-main/Agulha-main/Content/Core/Lappe/WoolBurstTransparent.uexp" 556
"D:/Dowloads/Agulha-main/Agulha-main/Content/Core/Lappe/WoolBurstTransparent.ubulk" 557
"D:/Dowloads/Agulha-main/Agulha-main/Content/Core/Lappe/Wool.uasset" 558
"D:/Dowloads/Agulha-main/Agulha-main/Content/Core/Lappe/Wool.uexp" 559
"D:/Dowloads/Agulha-main/Agulha-main/Content/Core/Lappe/Burst.uasset" 560
"D:/Dowloads/Agulha-main/Agulha-main/Content/Core/Lappe/Burst.uexp" 561
"D:/Dowloads/Agulha-main/Agulha-main/Content/Map/NewGameMode.uasset" 562
"D:/Dowloads/Agulha-main/Agulha-main/Content/Map/NewGameMode.uexp" 563
"D:/Dowloads/Agulha-main/Agulha-main/Content/Core/LevelTransitions/Doors/LevelInteraction.uasset" 564
"D:/Dowloads/Agulha-main/Agulha-main/Content/Core/LevelTransitions/Doors/LevelInteraction.uexp" 565
"D:/Dowloads/Agulha-main/Agulha-main/Content/Core/LevelTransitions/Doors/DoorInteraction.uasset" 566
"D:/Dowloads/Agulha-main/Agulha-main/Content/Core/LevelTransitions/Doors/DoorInteraction.uexp" 567
"D:/Dowloads/Agulha-main/Agulha-main/Content/Core/Lappe/EDirection.uasset" 568
"D:/Dowloads/Agulha-main/Agulha-main/Content/Core/Lappe/EDirection.uexp" 569
"D:/Dowloads/Agulha-main/Agulha-main/Content/Core/Lappe/BP_CameraBounds.uasset" 570
"D:/Dowloads/Agulha-main/Agulha-main/Content/Core/Lappe/BP_CameraBounds.uexp" 571
"D:/Dowloads/Agulha-main/Agulha-main/Content/Core/Lappe/BPCameraMovementComponent.uasset" 572
"D:/Dowloads/Agulha-main/Agulha-main/Content/Core/Lappe/BPCameraMovementComponent.uexp" 573
"../../../Engine/Content/EngineDamageTypes/DmgTypeBP_Environmental.uasset" 574
"../../../Engine/Content/EngineDamageTypes/DmgTypeBP_Environmental.uexp" 575
"D:/Dowloads/Agulha-main/Agulha-main/Content/Core/Enemy/DamageTypeEnemy.uasset" 576
"D:/Dowloads/Agulha-main/Agulha-main/Content/Core/Enemy/DamageTypeEnemy.uexp" 577
"../../../Engine/Content/BasicShapes/Sphere.uasset" 578
"../../../Engine/Content/BasicShapes/Sphere.uexp" 579
"D:/Dowloads/Agulha-main/Agulha-main/Content/Core/Enemy/DamageTypeChase.uasset" 580
"D:/Dowloads/Agulha-main/Agulha-main/Content/Core/Enemy/DamageTypeChase.uexp" 581
"D:/Dowloads/Agulha-main/Agulha-main/Content/Core/Enemy/BP_EnemyBase.uasset" 582
"D:/Dowloads/Agulha-main/Agulha-main/Content/Core/Enemy/BP_EnemyBase.uexp" 583
"D:/Dowloads/Agulha-main/Agulha-main/Content/Core/Checkpoint/InteractableCheckpoint/CheckpointInteraction.uasset" 584
"D:/Dowloads/Agulha-main/Agulha-main/Content/Core/Checkpoint/InteractableCheckpoint/CheckpointInteraction.uexp" 585
"D:/Dowloads/Agulha-main/Agulha-main/Content/TempMaterial.uasset" 586
"D:/Dowloads/Agulha-main/Agulha-main/Content/TempMaterial.uexp" 587
"D:/Dowloads/Agulha-main/Agulha-main/Content/Core/Lappe/BP_Lappe.uasset" 588
"D:/Dowloads/Agulha-main/Agulha-main/Content/Core/Lappe/BP_Lappe.uexp" 589
"D:/Dowloads/Agulha-main/Agulha-main/Content/Core/NPC/NPCDialogueBP.uasset" 590
"D:/Dowloads/Agulha-main/Agulha-main/Content/Core/NPC/NPCDialogueBP.uexp" 591
"D:/Dowloads/Agulha-main/Agulha-main/Content/Core/LevelTransitions/InteractableTransition.uasset" 592
"D:/Dowloads/Agulha-main/Agulha-main/Content/Core/LevelTransitions/InteractableTransition.uexp" 593
"D:/Dowloads/Agulha-main/Agulha-main/Content/Map/BaseLevel.uexp" 594
"D:/Dowloads/Agulha-main/Agulha-main/Content/Map/BaseLevel.umap" 595
"D:/Dowloads/Agulha-main/Agulha-main/Content/Core/TileMap/CurtainNormalMap.uasset" 596
"D:/Dowloads/Agulha-main/Agulha-main/Content/Core/TileMap/CurtainNormalMap.uexp" 597
"D:/Dowloads/Agulha-main/Agulha-main/Content/Core/TileMap/CurtainNormalMap.ubulk" 598
"D:/Dowloads/Agulha-main/Agulha-main/Content/Core/TileMap/Curtain.uasset" 599
"D:/Dowloads/Agulha-main/Agulha-main/Content/Core/TileMap/Curtain.uexp" 600
"D:/Dowloads/Agulha-main/Agulha-main/Content/Core/TileMap/Curtain.ubulk" 601
"D:/Dowloads/Agulha-main/Agulha-main/Content/Core/TileMap/Curtain_TileSet.uasset" 602
"D:/Dowloads/Agulha-main/Agulha-main/Content/Core/TileMap/Curtain_TileSet.uexp" 603
"../../../Engine/Content/BasicShapes/BasicShapeMaterial.uasset" 604
"../../../Engine/Content/BasicShapes/BasicShapeMaterial.uexp" 605
"../../../Engine/Content/BasicShapes/Cube.uasset" 606
"../../../Engine/Content/BasicShapes/Cube.uexp" 607
"D:/Dowloads/Agulha-main/Agulha-main/Content/Core/Platforms/OneWayPlatform/OneWayPlatform.uasset" 608
"D:/Dowloads/Agulha-main/Agulha-main/Content/Core/Platforms/OneWayPlatform/OneWayPlatform.uexp" 609
"D:/Dowloads/Agulha-main/Agulha-main/Content/Core/Material/Wall.uasset" 610
"D:/Dowloads/Agulha-main/Agulha-main/Content/Core/Material/Wall.uexp" 611
"D:/Dowloads/Agulha-main/Agulha-main/Content/Core/Platforms/DissapearingPlatform/DissapearingStandingPlatform.uasset" 612
"D:/Dowloads/Agulha-main/Agulha-main/Content/Core/Platforms/DissapearingPlatform/DissapearingStandingPlatform.uexp" 613
"D:/Dowloads/Agulha-main/Agulha-main/Content/Core/Platforms/SwingingPlatforms/SwingingPlatformWithLights.uasset" 614
"D:/Dowloads/Agulha-main/Agulha-main/Content/Core/Platforms/SwingingPlatforms/SwingingPlatformWithLights.uexp" 615
"D:/Dowloads/Agulha-main/Agulha-main/Content/Core/LightLevel/StationaryLights.uasset" 616
"D:/Dowloads/Agulha-main/Agulha-main/Content/Core/LightLevel/StationaryLights.uexp" 617
"D:/Dowloads/Agulha-main/Agulha-main/Content/Core/LightLevel/MovingLight.uasset" 618
"D:/Dowloads/Agulha-main/Agulha-main/Content/Core/LightLevel/MovingLight.uexp" 619
"D:/Dowloads/Agulha-main/Agulha-main/Content/Core/LevelTransitions/DissapearingInteractableTransition.uasset" 620
"D:/Dowloads/Agulha-main/Agulha-main/Content/Core/LevelTransitions/DissapearingInteractableTransition.uexp" 621
"D:/Dowloads/Agulha-main/Agulha-main/Content/Core/Item/WallJumpObject.uasset" 622
"D:/Dowloads/Agulha-main/Agulha-main/Content/Core/Item/WallJumpObject.uexp" 623
"D:/Dowloads/Agulha-main/Agulha-main/Content/Core/EnviromentalHazards/SpikeSprite.uasset" 624
"D:/Dowloads/Agulha-main/Agulha-main/Content/Core/EnviromentalHazards/SpikeSprite.uexp" 625
"D:/Dowloads/Agulha-main/Agulha-main/Content/Core/EnviromentalHazards/SpikeSprite_TileSet.uasset" 626
"D:/Dowloads/Agulha-main/Agulha-main/Content/Core/EnviromentalHazards/SpikeSprite_TileSet.uexp" 627
"D:/Dowloads/Agulha-main/Agulha-main/Content/Core/EnviromentalHazards/NewSpikes.uasset" 628
"D:/Dowloads/Agulha-main/Agulha-main/Content/Core/EnviromentalHazards/NewSpikes.uexp" 629
"../../../Engine/Content/MapTemplates/Materials/BasicAsset01.uasset" 630
"../../../Engine/Content/MapTemplates/Materials/BasicAsset01.uexp" 631
"D:/Dowloads/Agulha-main/Agulha-main/Content/Core/Enemy/BP_EnemyWalker.uasset" 632
"D:/Dowloads/Agulha-main/Agulha-main/Content/Core/Enemy/BP_EnemyWalker.uexp" 633
"D:/Dowloads/Agulha-main/Agulha-main/Content/Core/Enemy/BP_BigEnemy.uasset" 634
"D:/Dowloads/Agulha-main/Agulha-main/Content/Core/Enemy/BP_BigEnemy.uexp" 635
"D:/Dowloads/Agulha-main/Agulha-main/Content/Core/Checkpoint/InteractableCheckpoint/Bench.uasset" 636
"D:/Dowloads/Agulha-main/Agulha-main/Content/Core/Checkpoint/InteractableCheckpoint/Bench.uexp" 637
"D:/Dowloads/Agulha-main/Agulha-main/Content/Core/Checkpoint/InteractableCheckpoint/BenchSprite.uasset" 638
"D:/Dowloads/Agulha-main/Agulha-main/Content/Core/Checkpoint/InteractableCheckpoint/BenchSprite.uexp" 639
"D:/Dowloads/Agulha-main/Agulha-main/Content/Core/Checkpoint/InteractableCheckpoint/InteractiveCheckpoint.uasset" 640
"D:/Dowloads/Agulha-main/Agulha-main/Content/Core/Checkpoint/InteractableCheckpoint/InteractiveCheckpoint.uexp" 641
"D:/Dowloads/Agulha-main/Agulha-main/Content/Core/Checkpoint/Checkpoint.uasset" 642
"D:/Dowloads/Agulha-main/Agulha-main/Content/Core/Checkpoint/Checkpoint.uexp" 643
"D:/Dowloads/Agulha-main/Agulha-main/Content/Core/LightLevel/Light.uasset" 644
"D:/Dowloads/Agulha-main/Agulha-main/Content/Core/LightLevel/Light.uexp" 645
"D:/Dowloads/Agulha-main/Agulha-main/Content/Map/CarnivalInside.uexp" 646
"D:/Dowloads/Agulha-main/Agulha-main/Content/Map/CarnivalInside.umap" 647
"D:/Dowloads/Agulha-main/Agulha-main/Content/Map/Level1_BuiltData.uasset" 648
"D:/Dowloads/Agulha-main/Agulha-main/Content/Map/Level1_BuiltData.uexp" 649
"D:/Dowloads/Agulha-main/Agulha-main/Content/Map/Level1_BuiltData.ubulk" 650
"D:/Dowloads/Agulha-main/Agulha-main/Content/Core/Platforms/ContinuousMovingPatform/ContinuousMovingPlatformBP.uasset" 651
"D:/Dowloads/Agulha-main/Agulha-main/Content/Core/Platforms/ContinuousMovingPatform/ContinuousMovingPlatformBP.uexp" 652
"D:/Dowloads/Agulha-main/Agulha-main/Content/Core/Platforms/SwingingPlatforms/SwingingPlatforms.uasset" 653
"D:/Dowloads/Agulha-main/Agulha-main/Content/Core/Platforms/SwingingPlatforms/SwingingPlatforms.uexp" 654
"D:/Dowloads/Agulha-main/Agulha-main/Content/Core/Platforms/MovingPlatform/MovingPlatform.uasset" 655
"D:/Dowloads/Agulha-main/Agulha-main/Content/Core/Platforms/MovingPlatform/MovingPlatform.uexp" 656
"D:/Dowloads/Agulha-main/Agulha-main/Content/Core/LevelTransitions/Transition.uasset" 657
"D:/Dowloads/Agulha-main/Agulha-main/Content/Core/LevelTransitions/Transition.uexp" 658
"D:/Dowloads/Agulha-main/Agulha-main/Content/Core/Foliage/Hell_Hole_LightMap.uasset" 659
"D:/Dowloads/Agulha-main/Agulha-main/Content/Core/Foliage/Hell_Hole_LightMap.uexp" 660
"../../../Engine/Plugins/2D/Paper2D/Content/GeorgesLitSpriteMateral.uasset" 661
"../../../Engine/Plugins/2D/Paper2D/Content/GeorgesLitSpriteMateral.uexp" 662
"D:/Dowloads/Agulha-main/Agulha-main/Content/Core/Foliage/SignMaterial.uasset" 663
"D:/Dowloads/Agulha-main/Agulha-main/Content/Core/Foliage/SignMaterial.uexp" 664
"D:/Dowloads/Agulha-main/Agulha-main/Content/Core/Foliage/HellHole.uasset" 665
"D:/Dowloads/Agulha-main/Agulha-main/Content/Core/Foliage/HellHole.uexp" 666
"D:/Dowloads/Agulha-main/Agulha-main/Content/Core/Foliage/HellHole_Sprite.uasset" 667
"D:/Dowloads/Agulha-main/Agulha-main/Content/Core/Foliage/HellHole_Sprite.uexp" 668
"D:/Dowloads/Agulha-main/Agulha-main/Content/Core/EnviromentalHazards/SpikeMaterial.uasset" 669
"D:/Dowloads/Agulha-main/Agulha-main/Content/Core/EnviromentalHazards/SpikeMaterial.uexp" 670
"D:/Dowloads/Agulha-main/Agulha-main/Content/Core/EnviromentalHazards/Spikes.uasset" 671
"D:/Dowloads/Agulha-main/Agulha-main/Content/Core/EnviromentalHazards/Spikes.uexp" 672
"D:/Dowloads/Agulha-main/Agulha-main/Content/Core/Enemy/BP_EnemyTest.uasset" 673
"D:/Dowloads/Agulha-main/Agulha-main/Content/Core/Enemy/BP_EnemyTest.uexp" 674
"D:/Dowloads/Agulha-main/Agulha-main/Content/Core/Enemy/BP_EnemyMadusa.uasset" 675
"D:/Dowloads/Agulha-main/Agulha-main/Content/Core/Enemy/BP_EnemyMadusa.uexp" 676
"D:/Dowloads/Agulha-main/Agulha-main/Content/Core/Enemy/BP_EnemyHunter.uasset" 677
"D:/Dowloads/Agulha-main/Agulha-main/Content/Core/Enemy/BP_EnemyHunter.uexp" 678
"D:/Dowloads/Agulha-main/Agulha-main/Content/Core/You_did_it.uasset" 679
"D:/Dowloads/Agulha-main/Agulha-main/Content/Core/You_did_it.uexp" 680
"D:/Dowloads/Agulha-main/Agulha-main/Content/Core/WellDone.uasset" 681
"D:/Dowloads/Agulha-main/Agulha-main/Content/Core/WellDone.uexp" 682
"D:/Dowloads/Agulha-main/Agulha-main/Content/Map/Level1.uexp" 683
"D:/Dowloads/Agulha-main/Agulha-main/Content/Map/Level1.umap" 684
"D:/Dowloads/Agulha-main/Agulha-main/Content/Map/Level2_BuiltData.uasset" 685
"D:/Dowloads/Agulha-main/Agulha-main/Content/Map/Level2_BuiltData.uexp" 686
"D:/Dowloads/Agulha-main/Agulha-main/Content/Map/Level2_BuiltData.ubulk" 687
"D:/Dowloads/Agulha-main/Agulha-main/Content/Map/Level2.uexp" 688
"D:/Dowloads/Agulha-main/Agulha-main/Content/Map/Level2.umap" 689
"D:/Dowloads/Agulha-main/Agulha-main/Content/Map/MainMenu_PC.uasset" 690
"D:/Dowloads/Agulha-main/Agulha-main/Content/Map/MainMenu_PC.uexp" 691
"D:/Dowloads/Agulha-main/Agulha-main/Content/Map/MainMenuGameMode.uasset" 692
"D:/Dowloads/Agulha-main/Agulha-main/Content/Map/MainMenuGameMode.uexp" 693
"D:/Dowloads/Agulha-main/Agulha-main/Content/Core/MainMenu/TitleImage.uasset" 694
"D:/Dowloads/Agulha-main/Agulha-main/Content/Core/MainMenu/TitleImage.uexp" 695
"D:/Dowloads/Agulha-main/Agulha-main/Content/Core/MainMenu/MainMenu_Widget.uasset" 696
"D:/Dowloads/Agulha-main/Agulha-main/Content/Core/MainMenu/MainMenu_Widget.uexp" 697
"D:/Dowloads/Agulha-main/Agulha-main/Content/Map/MainMenuLevel.uexp" 698
"D:/Dowloads/Agulha-main/Agulha-main/Content/Map/MainMenuLevel.umap" 699
"../../../Engine/Content/Maps/Entry_BuiltData.uasset" 700
"../../../Engine/Content/Maps/Entry_BuiltData.uexp" 701
"../../../Engine/Content/Maps/Entry.uexp" 702
"../../../Engine/Content/Maps/Entry.umap" 703
